Name                                                           Stmts   Miss  Cover   Missing
--------------------------------------------------------------------------------------------
catalog/__init__.py                                                0      0   100%
catalog/admin.py                                                  24      0   100%
catalog/apps.py                                                    4      0   100%
catalog/forms.py                                                  20      1    95%   15
catalog/migrations/0001_initial.py                                 8      0   100%
catalog/migrations/0002_language.py                                4      0   100%
catalog/migrations/0003_book_language.py                           5      0   100%
catalog/migrations/0004_rename_date_of_birth_author_birth.py       4      0   100%
catalog/migrations/0005_rename_birth_author_date_of_birth.py       4      0   100%
catalog/migrations/0006_alter_author_date_of_birth.py              4      0   100%
catalog/migrations/0007_bookinstance_borrower.py                   6      0   100%
catalog/migrations/0008_alter_bookinstance_options.py              4      0   100%
catalog/migrations/0009_alter_author_date_of_death.py              4      0   100%
catalog/migrations/__init__.py                                     0      0   100%
catalog/models.py                                                 65      5    92%   33, 80, 121, 125, 166
catalog/urls.py                                                    3      0   100%
catalog/views.py                                                  97     10    90%   153-157, 181-185
--------------------------------------------------------------------------------------------
TOTAL                                                            256     16    94%
